<?xml version="1.0" encoding="UTF-8"?>
<!-- Generated by org.testng.reporters.JUnitReportReporter -->
<testsuite skipped="0" hostname="Dell" name="qaclickacademy.SeleniumTest" tests="2" failures="0" timestamp="2020-04-16T01:33:12 IST" time="0.000" errors="0">
  <testcase name="BrowserAutomation" time="0.000" classname="qaclickacademy.SeleniumTest"/>
  <system-out/>
  <testcase name="elementsUi" time="0.000" classname="qaclickacademy.SeleniumTest"/>
  <system-out/>
</testsuite> <!-- qaclickacademy.SeleniumTest -->
